2017-01-16 13:17:09 Error: [Cake\Routing\Exception\MissingRouteException] A route matching "/" could not be found.
Exception Attributes: array (
  'url' => '/',
)
Request URL: /
Stack Trace:
#0 /home/focusnguyen/web/smartbus.dev/public_html/vendor/cakephp/cakephp/src/Routing/Router.php(351): Cake\Routing\RouteCollection->parse('/', 'GET')
#1 /home/focusnguyen/web/smartbus.dev/public_html/vendor/cakephp/cakephp/src/Routing/Middleware/RoutingMiddleware.php(51): Cake\Routing\Router::parse('/', 'GET')
#2 /home/focusnguyen/web/smartbus.dev/public_html/vendor/cakephp/cakephp/src/Http/Runner.php(65): Cake\Routing\Middleware\RoutingMiddleware->__invoke(Object(Zend\Diactoros\ServerRequest), Object(Zend\Diactoros\Response), Object(Cake\Http\Runner))
#3 /home/focusnguyen/web/smartbus.dev/public_html/vendor/cakephp/cakephp/src/Routing/Middleware/AssetMiddleware.php(88): Cake\Http\Runner->__invoke(Object(Zend\Diactoros\ServerRequest), Object(Zend\Diactoros\Response))
#4 /home/focusnguyen/web/smartbus.dev/public_html/vendor/cakephp/cakephp/src/Http/Runner.php(65): Cake\Routing\Middleware\AssetMiddleware->__invoke(Object(Zend\Diactoros\ServerRequest), Object(Zend\Diactoros\Response), Object(Cake\Http\Runner))
#5 /home/focusnguyen/web/smartbus.dev/public_html/vendor/cakephp/cakephp/src/Error/Middleware/ErrorHandlerMiddleware.php(81): Cake\Http\Runner->__invoke(Object(Zend\Diactoros\ServerRequest), Object(Zend\Diactoros\Response))
#6 /home/focusnguyen/web/smartbus.dev/public_html/vendor/cakephp/cakephp/src/Http/Runner.php(65): Cake\Error\Middleware\ErrorHandlerMiddleware->__invoke(Object(Zend\Diactoros\ServerRequest), Object(Zend\Diactoros\Response), Object(Cake\Http\Runner))
#7 /home/focusnguyen/web/smartbus.dev/public_html/vendor/cakephp/cakephp/src/Http/Runner.php(51): Cake\Http\Runner->__invoke(Object(Zend\Diactoros\ServerRequest), Object(Zend\Diactoros\Response))
#8 /home/focusnguyen/web/smartbus.dev/public_html/vendor/cakephp/cakephp/src/Http/Server.php(92): Cake\Http\Runner->run(Object(Cake\Http\MiddlewareQueue), Object(Zend\Diactoros\ServerRequest), Object(Zend\Diactoros\Response))
#9 /home/focusnguyen/web/smartbus.dev/public_html/webroot/index.php(37): Cake\Http\Server->run()
#10 {main}


2017-01-17 00:46:49 Error: [Cake\Routing\Exception\MissingControllerException] Controller class Phpmyadmin could not be found.
Exception Attributes: array (
  'class' => 'Phpmyadmin',
  'plugin' => false,
  'prefix' => false,
  '_ext' => false,
)
Request URL: /phpmyadmin
Stack Trace:
#0 C:\xampp\htdocs\smartbus\vendor\cakephp\cakephp\src\Http\ControllerFactory.php(72): Cake\Http\ControllerFactory->missingController(Object(Cake\Network\Request))
#1 C:\xampp\htdocs\smartbus\vendor\cakephp\cakephp\src\Http\ActionDispatcher.php(93): Cake\Http\ControllerFactory->create(Object(Cake\Network\Request), Object(Cake\Network\Response))
#2 C:\xampp\htdocs\smartbus\vendor\cakephp\cakephp\src\Http\BaseApplication.php(83): Cake\Http\ActionDispatcher->dispatch(Object(Cake\Network\Request), Object(Cake\Network\Response))
#3 C:\xampp\htdocs\smartbus\vendor\cakephp\cakephp\src\Http\Runner.php(65): Cake\Http\BaseApplication->__invoke(Object(Zend\Diactoros\ServerRequest), Object(Zend\Diactoros\Response), Object(Cake\Http\Runner))
#4 C:\xampp\htdocs\smartbus\vendor\cakephp\cakephp\src\Routing\Middleware\RoutingMiddleware.php(62): Cake\Http\Runner->__invoke(Object(Zend\Diactoros\ServerRequest), Object(Zend\Diactoros\Response))
#5 C:\xampp\htdocs\smartbus\vendor\cakephp\cakephp\src\Http\Runner.php(65): Cake\Routing\Middleware\RoutingMiddleware->__invoke(Object(Zend\Diactoros\ServerRequest), Object(Zend\Diactoros\Response), Object(Cake\Http\Runner))
#6 C:\xampp\htdocs\smartbus\vendor\cakephp\cakephp\src\Routing\Middleware\AssetMiddleware.php(88): Cake\Http\Runner->__invoke(Object(Zend\Diactoros\ServerRequest), Object(Zend\Diactoros\Response))
#7 C:\xampp\htdocs\smartbus\vendor\cakephp\cakephp\src\Http\Runner.php(65): Cake\Routing\Middleware\AssetMiddleware->__invoke(Object(Zend\Diactoros\ServerRequest), Object(Zend\Diactoros\Response), Object(Cake\Http\Runner))
#8 C:\xampp\htdocs\smartbus\vendor\cakephp\cakephp\src\Error\Middleware\ErrorHandlerMiddleware.php(81): Cake\Http\Runner->__invoke(Object(Zend\Diactoros\ServerRequest), Object(Zend\Diactoros\Response))
#9 C:\xampp\htdocs\smartbus\vendor\cakephp\cakephp\src\Http\Runner.php(65): Cake\Error\Middleware\ErrorHandlerMiddleware->__invoke(Object(Zend\Diactoros\ServerRequest), Object(Zend\Diactoros\Response), Object(Cake\Http\Runner))
#10 C:\xampp\htdocs\smartbus\vendor\cakephp\cakephp\src\Http\Runner.php(51): Cake\Http\Runner->__invoke(Object(Zend\Diactoros\ServerRequest), Object(Zend\Diactoros\Response))
#11 C:\xampp\htdocs\smartbus\vendor\cakephp\cakephp\src\Http\Server.php(92): Cake\Http\Runner->run(Object(Cake\Http\MiddlewareQueue), Object(Zend\Diactoros\ServerRequest), Object(Zend\Diactoros\Response))
#12 C:\xampp\htdocs\smartbus\webroot\index.php(37): Cake\Http\Server->run()
#13 {main}


2017-01-17 07:47:19 Error: [PDOException] SQLSTATE[HY000] [1045] Access denied for user 'focusnguyen_bus'@'localhost' (using password: YES)
Request URL: /api/v1/insertTicketByMachine
Stack Trace:
#0 C:\xampp\htdocs\smartbus\vendor\cakephp\cakephp\src\Database\Driver\PDODriverTrait.php(48): PDO->__construct('mysql:host=loca...', 'focusnguyen_bus', 'focusnguyen_bus', Array)
#1 C:\xampp\htdocs\smartbus\vendor\cakephp\cakephp\src\Database\Driver\Mysql.php(104): Cake\Database\Driver\Mysql->_connect('mysql:host=loca...', Array)
#2 C:\xampp\htdocs\smartbus\vendor\cakephp\cakephp\src\Database\Schema\BaseSchema.php(45): Cake\Database\Driver\Mysql->connect()
#3 C:\xampp\htdocs\smartbus\vendor\cakephp\cakephp\src\Database\Dialect\MysqlDialectTrait.php(63): Cake\Database\Schema\BaseSchema->__construct(Object(Cake\Database\Driver\Mysql))
#4 C:\xampp\htdocs\smartbus\vendor\cakephp\cakephp\src\Database\Schema\Collection.php(52): Cake\Database\Driver\Mysql->schemaDialect()
#5 C:\xampp\htdocs\smartbus\vendor\cakephp\cakephp\src\Database\Schema\CachedCollection.php(42): Cake\Database\Schema\Collection->__construct(Object(Cake\Database\Connection))
#6 C:\xampp\htdocs\smartbus\vendor\cakephp\cakephp\src\Database\Connection.php(322): Cake\Database\Schema\CachedCollection->__construct(Object(Cake\Database\Connection), true)
#7 C:\xampp\htdocs\smartbus\vendor\cakephp\cakephp\src\ORM\Table.php(439): Cake\Database\Connection->schemaCollection()
#8 C:\xampp\htdocs\smartbus\vendor\cakephp\cakephp\src\ORM\Query.php(211): Cake\ORM\Table->schema()
#9 C:\xampp\htdocs\smartbus\vendor\cakephp\cakephp\src\ORM\Query.php(168): Cake\ORM\Query->addDefaultTypes(Object(App\Model\Table\TicketTypesTable))
#10 C:\xampp\htdocs\smartbus\vendor\cakephp\cakephp\src\ORM\Table.php(1336): Cake\ORM\Query->__construct(Object(Cake\Database\Connection), Object(App\Model\Table\TicketTypesTable))
#11 C:\xampp\htdocs\smartbus\vendor\cakephp\cakephp\src\ORM\Table.php(964): Cake\ORM\Table->query()
#12 C:\xampp\htdocs\smartbus\src\Controller\ServerApiController.php(275): Cake\ORM\Table->find()
#13 C:\xampp\htdocs\smartbus\src\Controller\ServerApiController.php(64): App\Controller\ServerApiController->insertTicket(Array)
#14 [internal function]: App\Controller\ServerApiController->insertTicketByMachine()
#15 C:\xampp\htdocs\smartbus\vendor\cakephp\cakephp\src\Controller\Controller.php(435): call_user_func_array(Array, Array)
#16 C:\xampp\htdocs\smartbus\vendor\cakephp\cakephp\src\Http\ActionDispatcher.php(122): Cake\Controller\Controller->invokeAction()
#17 C:\xampp\htdocs\smartbus\vendor\cakephp\cakephp\src\Http\ActionDispatcher.php(96): Cake\Http\ActionDispatcher->_invoke(Object(App\Controller\ServerApiController))
#18 C:\xampp\htdocs\smartbus\vendor\cakephp\cakephp\src\Http\BaseApplication.php(83): Cake\Http\ActionDispatcher->dispatch(Object(Cake\Network\Request), Object(Cake\Network\Response))
#19 C:\xampp\htdocs\smartbus\vendor\cakephp\cakephp\src\Http\Runner.php(65): Cake\Http\BaseApplication->__invoke(Object(Zend\Diactoros\ServerRequest), Object(Zend\Diactoros\Response), Object(Cake\Http\Runner))
#20 C:\xampp\htdocs\smartbus\vendor\cakephp\cakephp\src\Routing\Middleware\RoutingMiddleware.php(62): Cake\Http\Runner->__invoke(Object(Zend\Diactoros\ServerRequest), Object(Zend\Diactoros\Response))
#21 C:\xampp\htdocs\smartbus\vendor\cakephp\cakephp\src\Http\Runner.php(65): Cake\Routing\Middleware\RoutingMiddleware->__invoke(Object(Zend\Diactoros\ServerRequest), Object(Zend\Diactoros\Response), Object(Cake\Http\Runner))
#22 C:\xampp\htdocs\smartbus\vendor\cakephp\cakephp\src\Routing\Middleware\AssetMiddleware.php(88): Cake\Http\Runner->__invoke(Object(Zend\Diactoros\ServerRequest), Object(Zend\Diactoros\Response))
#23 C:\xampp\htdocs\smartbus\vendor\cakephp\cakephp\src\Http\Runner.php(65): Cake\Routing\Middleware\AssetMiddleware->__invoke(Object(Zend\Diactoros\ServerRequest), Object(Zend\Diactoros\Response), Object(Cake\Http\Runner))
#24 C:\xampp\htdocs\smartbus\vendor\cakephp\cakephp\src\Error\Middleware\ErrorHandlerMiddleware.php(81): Cake\Http\Runner->__invoke(Object(Zend\Diactoros\ServerRequest), Object(Zend\Diactoros\Response))
#25 C:\xampp\htdocs\smartbus\vendor\cakephp\cakephp\src\Http\Runner.php(65): Cake\Error\Middleware\ErrorHandlerMiddleware->__invoke(Object(Zend\Diactoros\ServerRequest), Object(Zend\Diactoros\Response), Object(Cake\Http\Runner))
#26 C:\xampp\htdocs\smartbus\vendor\cakephp\cakephp\src\Http\Runner.php(51): Cake\Http\Runner->__invoke(Object(Zend\Diactoros\ServerRequest), Object(Zend\Diactoros\Response))
#27 C:\xampp\htdocs\smartbus\vendor\cakephp\cakephp\src\Http\Server.php(92): Cake\Http\Runner->run(Object(Cake\Http\MiddlewareQueue), Object(Zend\Diactoros\ServerRequest), Object(Zend\Diactoros\Response))
#28 C:\xampp\htdocs\smartbus\webroot\index.php(37): Cake\Http\Server->run()
#29 {main}


